<?xml version="1.0" encoding="UTF-8"?>
<!-- Generated by org.testng.reporters.JUnitXMLReporter -->
<testsuite ignored="0" hostname="LAPTOP-BS7L7CT0" failures="1" tests="4" name="PetStoreTest" time="15.21" errors="0" timestamp="2025-03-15T14:25:56 IST">
  <testcase classname="api.tests.UserTests2" name="createUser" time="4.925"/>
  <testcase classname="api.tests.UserTests2" name="getUser" time="4.43"/>
  <testcase classname="api.tests.UserTests2" name="updateUser" time="3.254">
    <failure type="java.lang.AssertionError" message="expected [200] but found [404]">
      <![CDATA[java.lang.AssertionError: expected [200] but found [404]
at api.tests.UserTests2.updateUser(UserTests2.java:87)
at java.base/java.util.ArrayList.forEach(ArrayList.java:1511)
... Removed 37 stack frames]]>
    </failure>
  </testcase> <!-- updateUser -->
  <testcase classname="api.tests.UserTests2" name="deleteUser" time="1.284"/>
</testsuite> <!-- PetStoreTest -->
