<?xml version="1.0" encoding="UTF-8"?>
<!-- Generated by org.testng.reporters.JUnitXMLReporter -->
<testsuite ignored="0" hostname="LAPTOP-BS7L7CT0" failures="0" tests="8" name="Default test" time="12.202" errors="0" timestamp="2025-03-04T20:44:51 IST">
  <testcase classname="api.tests.DDTests" name="createUsers" time="2.72"/>
  <testcase classname="api.tests.DDTests" name="createUsers" time="1.217"/>
  <testcase classname="api.tests.DDTests" name="createUsers" time="1.15"/>
  <testcase classname="api.tests.DDTests" name="createUsers" time="1.124"/>
  <testcase classname="api.tests.DDTests" name="deleteUsers" time="1.204"/>
  <testcase classname="api.tests.DDTests" name="deleteUsers" time="1.295"/>
  <testcase classname="api.tests.DDTests" name="deleteUsers" time="1.151"/>
  <testcase classname="api.tests.DDTests" name="deleteUsers" time="1.144"/>
</testsuite> <!-- Default test -->
