<?xml version="1.0" encoding="UTF-8"?>
<!-- Generated by org.testng.reporters.JUnitXMLReporter -->
<testsuite ignored="0" hostname="LAPTOP-BS7L7CT0" failures="1" tests="4" name="PetStoreTest" time="9.782" errors="0" timestamp="2025-03-15T14:15:23 IST">
  <testcase classname="api.tests.UserTests2" name="createUser" time="3.334"/>
  <testcase classname="api.tests.UserTests2" name="getUser" time="1.358"/>
  <testcase classname="api.tests.UserTests2" name="updateUser" time="2.429">
    <failure type="java.lang.AssertionError" message="expected [200] but found [404]">
      <![CDATA[java.lang.AssertionError: expected [200] but found [404]
at api.tests.UserTests2.updateUser(UserTests2.java:87)
at java.base/java.util.ArrayList.forEach(ArrayList.java:1596)
... Removed 35 stack frames]]>
    </failure>
  </testcase> <!-- updateUser -->
  <testcase classname="api.tests.UserTests2" name="deleteUser" time="1.306"/>
</testsuite> <!-- PetStoreTest -->
