<?xml version="1.0" encoding="UTF-8"?>
<!-- Generated by org.testng.reporters.JUnitXMLReporter -->
<testsuite ignored="0" hostname="LAPTOP-BS7L7CT0" failures="1" tests="4" name="PetStoreTest" time="8.643" errors="0" timestamp="2025-03-07T16:09:47 IST">
  <testcase classname="api.tests.UserTests2" name="createUser" time="2.967"/>
  <testcase classname="api.tests.UserTests2" name="getUser" time="1.162">
    <failure type="java.lang.AssertionError" message="expected [200] but found [404]">
      <![CDATA[java.lang.AssertionError: expected [200] but found [404]
at api.tests.UserTests2.getUser(UserTests2.java:62)
at java.base/java.util.ArrayList.forEach(ArrayList.java:1596)
... Removed 35 stack frames]]>
    </failure>
  </testcase> <!-- getUser -->
  <testcase classname="api.tests.UserTests2" name="updateUser" time="2.259"/>
  <testcase classname="api.tests.UserTests2" name="deleteUser" time="1.251"/>
</testsuite> <!-- PetStoreTest -->
